<?xml version="1.0" encoding="UTF-8"?>
<testsuite name="se.yrgo.library.LoanTest" tests="1" skipped="0" failures="0" errors="0" timestamp="2024-02-02T00:25:38" hostname="Pouyas-Air.lan" time="0.001">
  <properties/>
  <testcase name="testDueDate()" classname="se.yrgo.library.LoanTest" time="0.001"/>
  <system-out><![CDATA[]]></system-out>
  <system-err><![CDATA[]]></system-err>
</testsuite>
