<?xml version="1.0" encoding="UTF-8"?>
<testsuite name="se.yrgo.library.BookTest" tests="2" skipped="0" failures="0" errors="0" timestamp="2024-02-01T23:13:43" hostname="Pouyas-Air.lan" time="0.001">
  <properties/>
  <testcase name="test2NonEqualBooks()" classname="se.yrgo.library.BookTest" time="0.001"/>
  <testcase name="test2EqualBooks()" classname="se.yrgo.library.BookTest" time="0.0"/>
  <system-out><![CDATA[]]></system-out>
  <system-err><![CDATA[]]></system-err>
</testsuite>
