<?xml version="1.0" encoding="UTF-8"?>
<testsuite name="se.yrgo.library.BookTest" tests="2" skipped="0" failures="0" errors="0" timestamp="2024-02-02T00:25:38" hostname="Pouyas-Air.lan" time="0.002">
  <properties/>
  <testcase name="test2NonEqualBooks()" classname="se.yrgo.library.BookTest" time="0.001"/>
  <testcase name="test2EqualBooks()" classname="se.yrgo.library.BookTest" time="0.001"/>
  <system-out><![CDATA[]]></system-out>
  <system-err><![CDATA[]]></system-err>
</testsuite>
